<testng-results>
  <reporter-output>
  </reporter-output>
  <suite name="TestCloudBankSelenium">
    <groups>
    </groups>
    <test name="com.testCloudBank.selenium.tests.test1">
      <class name="com.testCloudBank.selenium.tests.test1">
        <test-method status="PASS" signature="setUp()" name="setUp" is-config="true" duration-ms="9575" started-at="2024-02-27T14:34:15Z" finished-at="2024-02-27T14:34:25Z">
        </test-method>
        <test-method status="PASS" signature="CreationFournisseur()" name="CreationFournisseur" duration-ms="31304" started-at="2024-02-27T14:34:25Z" finished-at="2024-02-27T14:34:56Z">
        </test-method>
        <test-method status="PASS" signature="login()" name="login" duration-ms="40334" started-at="2024-02-27T14:34:56Z" finished-at="2024-02-27T14:35:37Z">
        </test-method>
      </class>
    </test>
  </suite>
</testng-results>
