{"uuid":"13b98a63-8a1d-4f85-aaea-952a5bbc3b69","historyId":"b7f9cdda08f63331beda6742168a12f9","testCaseId":"801a23454c0fe86e01e749ff92aa5e68","fullName":"src/test/resources/Features/ProviderForm.feature:22","labels":[{"name":"host","value":"Maeva-PC"},{"name":"thread","value":"9612@Maeva-PC.main(1)"},{"name":"feature","value":"feature to test the provider form functionalities"},{"name":"story","value":"Validate modify provider is working"},{"name":"suite","value":"feature to test the provider form functionalities"},{"name":"testClass","value":"Validate modify provider is working"},{"name":"framework","value":"cucumber4jvm"},{"name":"language","value":"java"},{"name":"gherkin_uri","value":"file:///D:/inet/Projet-Selenium-Cucumber-CloudBank-version1/src/test/resources/Features/ProviderForm.feature"},{"name":"package","value":"src.test.resources.Features.ProviderForm_feature.feature to test the provider form functionalities"}],"links":[],"name":"Validate modify provider is working","status":"broken","statusDetails":{"known":false,"muted":false,"flaky":false,"message":"element click intercepted: Element <table cellspacing=\"0\" class=\"x-btn  x-btn-noicon\" role=\"presentation\" id=\"btnSauvegarderProvider\" style=\"width: 75px; margin-right: 5px;\">...</table> is not clickable at point (973, 508). Other element would receive the click: <div id=\"x-auto-265\" class=\" x-modal \" style=\"z-index: 1282; width: 1536px; height: 724px; position: absolute;\"></div>\n  (Session info: chrome=123.0.6312.86)\nBuild info: version: '4.17.0', revision: 'e52b1be057*'\nSystem info: os.name: 'Windows 10', os.arch: 'amd64', os.version: '10.0', java.version: '18.0.2.1'\nDriver info: org.openqa.selenium.chrome.ChromeDriver\nCommand: [df85544df8a3ba4ca1bea8731692842b, clickElement {id=f.8AF243159AEBB5E655C0719FC5C6B22B.d.72D7660784D16A8032DD6650C3AC3B73.e.705}]\nCapabilities {acceptInsecureCerts: false, browserName: chrome, browserVersion: 123.0.6312.86, chrome: {chromedriverVersion: 123.0.6312.86 (9b72c47a0536..., userDataDir: C:\\Users\\pc\\AppData\\Local\\T...}, fedcm:accounts: true, goog:chromeOptions: {debuggerAddress: localhost:50812}, networkConnectionEnabled: false, pageLoadStrategy: normal, platformName: windows, proxy: Proxy(), se:cdp: ws://localhost:50812/devtoo..., se:cdpVersion: 123.0.6312.86, setWindowRect: true, strictFileInteractability: false, timeouts: {implicit: 0, pageLoad: 300000, script: 30000}, unhandledPromptBehavior: dismiss and notify, webauthn:extension:credBlob: true, webauthn:extension:largeBlob: true, webauthn:extension:minPinLength: true, webauthn:extension:prf: true, webauthn:virtualAuthenticators: true}\nElement: [[ChromeDriver: chrome on windows (df85544df8a3ba4ca1bea8731692842b)] -> id: btnSauvegarderProvider]\nSession ID: df85544df8a3ba4ca1bea8731692842b","trace":"org.openqa.selenium.ElementClickInterceptedException: element click intercepted: Element <table cellspacing=\"0\" class=\"x-btn  x-btn-noicon\" role=\"presentation\" id=\"btnSauvegarderProvider\" style=\"width: 75px; margin-right: 5px;\">...</table> is not clickable at point (973, 508). Other element would receive the click: <div id=\"x-auto-265\" class=\" x-modal \" style=\"z-index: 1282; width: 1536px; height: 724px; position: absolute;\"></div>\n  (Session info: chrome=123.0.6312.86)\nBuild info: version: '4.17.0', revision: 'e52b1be057*'\nSystem info: os.name: 'Windows 10', os.arch: 'amd64', os.version: '10.0', java.version: '18.0.2.1'\nDriver info: org.openqa.selenium.chrome.ChromeDriver\nCommand: [df85544df8a3ba4ca1bea8731692842b, clickElement {id=f.8AF243159AEBB5E655C0719FC5C6B22B.d.72D7660784D16A8032DD6650C3AC3B73.e.705}]\nCapabilities {acceptInsecureCerts: false, browserName: chrome, browserVersion: 123.0.6312.86, chrome: {chromedriverVersion: 123.0.6312.86 (9b72c47a0536..., userDataDir: C:\\Users\\pc\\AppData\\Local\\T...}, fedcm:accounts: true, goog:chromeOptions: {debuggerAddress: localhost:50812}, networkConnectionEnabled: false, pageLoadStrategy: normal, platformName: windows, proxy: Proxy(), se:cdp: ws://localhost:50812/devtoo..., se:cdpVersion: 123.0.6312.86, setWindowRect: true, strictFileInteractability: false, timeouts: {implicit: 0, pageLoad: 300000, script: 30000}, unhandledPromptBehavior: dismiss and notify, webauthn:extension:credBlob: true, webauthn:extension:largeBlob: true, webauthn:extension:minPinLength: true, webauthn:extension:prf: true, webauthn:virtualAuthenticators: true}\nElement: [[ChromeDriver: chrome on windows (df85544df8a3ba4ca1bea8731692842b)] -> id: btnSauvegarderProvider]\nSession ID: df85544df8a3ba4ca1bea8731692842b\r\n\tat java.base/jdk.internal.reflect.DirectConstructorHandleAccessor.newInstance(DirectConstructorHandleAccessor.java:67)\r\n\tat java.base/java.lang.reflect.Constructor.newInstanceWithCaller(Constructor.java:499)\r\n\tat java.base/java.lang.reflect.Constructor.newInstance(Constructor.java:483)\r\n\tat org.openqa.selenium.remote.codec.w3c.W3CHttpResponseCodec.createException(W3CHttpResponseCodec.java:185)\r\n\tat org.openqa.selenium.remote.codec.w3c.W3CHttpResponseCodec.decode(W3CHttpResponseCodec.java:134)\r\n\tat org.openqa.selenium.remote.codec.w3c.W3CHttpResponseCodec.decode(W3CHttpResponseCodec.java:51)\r\n\tat org.openqa.selenium.remote.HttpCommandExecutor.execute(HttpCommandExecutor.java:190)\r\n\tat org.openqa.selenium.remote.service.DriverCommandExecutor.invokeExecute(DriverCommandExecutor.java:216)\r\n\tat org.openqa.selenium.remote.service.DriverCommandExecutor.execute(DriverCommandExecutor.java:174)\r\n\tat org.openqa.selenium.remote.RemoteWebDriver.execute(RemoteWebDriver.java:519)\r\n\tat org.openqa.selenium.remote.RemoteWebElement.execute(RemoteWebElement.java:223)\r\n\tat org.openqa.selenium.remote.RemoteWebElement.click(RemoteWebElement.java:76)\r\n\tat java.base/jdk.internal.reflect.DirectMethodHandleAccessor.invoke(DirectMethodHandleAccessor.java:104)\r\n\tat java.base/java.lang.reflect.Method.invoke(Method.java:577)\r\n\tat org.openqa.selenium.support.pagefactory.internal.LocatingElementHandler.invoke(LocatingElementHandler.java:51)\r\n\tat jdk.proxy2/jdk.proxy2.$Proxy25.click(Unknown Source)\r\n\tat pages.CreationFournisseurPage.clickOnBtnSauvegarder(CreationFournisseurPage.java:255)\r\n\tat StepDefinitions.CreationFournisseurSteps.save_the_informations(CreationFournisseurSteps.java:203)\r\n\tat ✽.save the informations(file:///D:/inet/Projet-Selenium-Cucumber-CloudBank-version1/src/test/resources/Features/ProviderForm.feature:26)\r\n"},"stage":"finished","steps":[{"name":"Given user goes to the page of modifications","status":"passed","statusDetails":{"known":false,"muted":false,"flaky":false},"stage":"finished","steps":[],"attachments":[],"parameters":[],"start":1711517026371,"stop":1711517026453},{"name":"When user searches for the provider to modify","status":"passed","statusDetails":{"known":false,"muted":false,"flaky":false},"stage":"finished","steps":[],"attachments":[],"parameters":[],"start":1711517026453,"stop":1711517031820},{"name":"And modify the informations","status":"passed","statusDetails":{"known":false,"muted":false,"flaky":false},"stage":"finished","steps":[],"attachments":[],"parameters":[],"start":1711517031821,"stop":1711517033205},{"name":"And save the informations","status":"broken","statusDetails":{"known":false,"muted":false,"flaky":false,"message":"element click intercepted: Element <table cellspacing=\"0\" class=\"x-btn  x-btn-noicon\" role=\"presentation\" id=\"btnSauvegarderProvider\" style=\"width: 75px; margin-right: 5px;\">...</table> is not clickable at point (973, 508). Other element would receive the click: <div id=\"x-auto-265\" class=\" x-modal \" style=\"z-index: 1282; width: 1536px; height: 724px; position: absolute;\"></div>\n  (Session info: chrome=123.0.6312.86)\nBuild info: version: '4.17.0', revision: 'e52b1be057*'\nSystem info: os.name: 'Windows 10', os.arch: 'amd64', os.version: '10.0', java.version: '18.0.2.1'\nDriver info: org.openqa.selenium.chrome.ChromeDriver\nCommand: [df85544df8a3ba4ca1bea8731692842b, clickElement {id=f.8AF243159AEBB5E655C0719FC5C6B22B.d.72D7660784D16A8032DD6650C3AC3B73.e.705}]\nCapabilities {acceptInsecureCerts: false, browserName: chrome, browserVersion: 123.0.6312.86, chrome: {chromedriverVersion: 123.0.6312.86 (9b72c47a0536..., userDataDir: C:\\Users\\pc\\AppData\\Local\\T...}, fedcm:accounts: true, goog:chromeOptions: {debuggerAddress: localhost:50812}, networkConnectionEnabled: false, pageLoadStrategy: normal, platformName: windows, proxy: Proxy(), se:cdp: ws://localhost:50812/devtoo..., se:cdpVersion: 123.0.6312.86, setWindowRect: true, strictFileInteractability: false, timeouts: {implicit: 0, pageLoad: 300000, script: 30000}, unhandledPromptBehavior: dismiss and notify, webauthn:extension:credBlob: true, webauthn:extension:largeBlob: true, webauthn:extension:minPinLength: true, webauthn:extension:prf: true, webauthn:virtualAuthenticators: true}\nElement: [[ChromeDriver: chrome on windows (df85544df8a3ba4ca1bea8731692842b)] -> id: btnSauvegarderProvider]\nSession ID: df85544df8a3ba4ca1bea8731692842b","trace":"org.openqa.selenium.ElementClickInterceptedException: element click intercepted: Element <table cellspacing=\"0\" class=\"x-btn  x-btn-noicon\" role=\"presentation\" id=\"btnSauvegarderProvider\" style=\"width: 75px; margin-right: 5px;\">...</table> is not clickable at point (973, 508). Other element would receive the click: <div id=\"x-auto-265\" class=\" x-modal \" style=\"z-index: 1282; width: 1536px; height: 724px; position: absolute;\"></div>\n  (Session info: chrome=123.0.6312.86)\nBuild info: version: '4.17.0', revision: 'e52b1be057*'\nSystem info: os.name: 'Windows 10', os.arch: 'amd64', os.version: '10.0', java.version: '18.0.2.1'\nDriver info: org.openqa.selenium.chrome.ChromeDriver\nCommand: [df85544df8a3ba4ca1bea8731692842b, clickElement {id=f.8AF243159AEBB5E655C0719FC5C6B22B.d.72D7660784D16A8032DD6650C3AC3B73.e.705}]\nCapabilities {acceptInsecureCerts: false, browserName: chrome, browserVersion: 123.0.6312.86, chrome: {chromedriverVersion: 123.0.6312.86 (9b72c47a0536..., userDataDir: C:\\Users\\pc\\AppData\\Local\\T...}, fedcm:accounts: true, goog:chromeOptions: {debuggerAddress: localhost:50812}, networkConnectionEnabled: false, pageLoadStrategy: normal, platformName: windows, proxy: Proxy(), se:cdp: ws://localhost:50812/devtoo..., se:cdpVersion: 123.0.6312.86, setWindowRect: true, strictFileInteractability: false, timeouts: {implicit: 0, pageLoad: 300000, script: 30000}, unhandledPromptBehavior: dismiss and notify, webauthn:extension:credBlob: true, webauthn:extension:largeBlob: true, webauthn:extension:minPinLength: true, webauthn:extension:prf: true, webauthn:virtualAuthenticators: true}\nElement: [[ChromeDriver: chrome on windows (df85544df8a3ba4ca1bea8731692842b)] -> id: btnSauvegarderProvider]\nSession ID: df85544df8a3ba4ca1bea8731692842b\r\n\tat java.base/jdk.internal.reflect.DirectConstructorHandleAccessor.newInstance(DirectConstructorHandleAccessor.java:67)\r\n\tat java.base/java.lang.reflect.Constructor.newInstanceWithCaller(Constructor.java:499)\r\n\tat java.base/java.lang.reflect.Constructor.newInstance(Constructor.java:483)\r\n\tat org.openqa.selenium.remote.codec.w3c.W3CHttpResponseCodec.createException(W3CHttpResponseCodec.java:185)\r\n\tat org.openqa.selenium.remote.codec.w3c.W3CHttpResponseCodec.decode(W3CHttpResponseCodec.java:134)\r\n\tat org.openqa.selenium.remote.codec.w3c.W3CHttpResponseCodec.decode(W3CHttpResponseCodec.java:51)\r\n\tat org.openqa.selenium.remote.HttpCommandExecutor.execute(HttpCommandExecutor.java:190)\r\n\tat org.openqa.selenium.remote.service.DriverCommandExecutor.invokeExecute(DriverCommandExecutor.java:216)\r\n\tat org.openqa.selenium.remote.service.DriverCommandExecutor.execute(DriverCommandExecutor.java:174)\r\n\tat org.openqa.selenium.remote.RemoteWebDriver.execute(RemoteWebDriver.java:519)\r\n\tat org.openqa.selenium.remote.RemoteWebElement.execute(RemoteWebElement.java:223)\r\n\tat org.openqa.selenium.remote.RemoteWebElement.click(RemoteWebElement.java:76)\r\n\tat java.base/jdk.internal.reflect.DirectMethodHandleAccessor.invoke(DirectMethodHandleAccessor.java:104)\r\n\tat java.base/java.lang.reflect.Method.invoke(Method.java:577)\r\n\tat org.openqa.selenium.support.pagefactory.internal.LocatingElementHandler.invoke(LocatingElementHandler.java:51)\r\n\tat jdk.proxy2/jdk.proxy2.$Proxy25.click(Unknown Source)\r\n\tat pages.CreationFournisseurPage.clickOnBtnSauvegarder(CreationFournisseurPage.java:255)\r\n\tat StepDefinitions.CreationFournisseurSteps.save_the_informations(CreationFournisseurSteps.java:203)\r\n\tat ✽.save the informations(file:///D:/inet/Projet-Selenium-Cucumber-CloudBank-version1/src/test/resources/Features/ProviderForm.feature:26)\r\n"},"stage":"finished","steps":[],"attachments":[],"parameters":[],"start":1711517033205,"stop":1711517034304},{"name":"Then user returns to the empty form","status":"skipped","statusDetails":{"known":false,"muted":false,"flaky":false},"stage":"finished","steps":[],"attachments":[],"parameters":[],"start":1711517034305,"stop":1711517034305}],"attachments":[],"parameters":[],"start":1711517026370,"stop":1711517034564}