{"uuid":"d13a6df8-e832-4bb4-8e13-c05765257f65","historyId":"7407cc7f03388ae34bc66133d53c12c9","testCaseId":"23c2244adf4a2ab4ccb94ab4c9f72da","fullName":"src/test/resources/Features/ManagementAccountForm.feature:14","labels":[{"name":"host","value":"Maeva-PC"},{"name":"thread","value":"97824@Maeva-PC.main(1)"},{"name":"feature","value":"feature to test the management account form functionalities"},{"name":"story","value":"Validate creation of management account is working"},{"name":"suite","value":"feature to test the management account form functionalities"},{"name":"testClass","value":"Validate creation of management account is working"},{"name":"framework","value":"cucumber4jvm"},{"name":"language","value":"java"},{"name":"gherkin_uri","value":"file:///D:/inet/New/Projet-Selenium-Cucumber-CloudBank-master/src/test/resources/Features/ManagementAccountForm.feature"},{"name":"package","value":"src.test.resources.Features.ManagementAccountForm_feature.feature to test the management account form functionalities"}],"links":[],"name":"Validate creation of management account is working","status":"broken","statusDetails":{"known":false,"muted":false,"flaky":false,"message":"element click intercepted: Element <table cellspacing=\"0\" class=\"x-btn  x-btn-text-icon\" role=\"presentation\" id=\"btValiderCompteGestion\" style=\"width: 75px; margin-right: 5px;\">...</table> is not clickable at point (940, 590). Other element would receive the click: <div class=\"ext-el-mask\" style=\"display: block;\"></div>\n  (Session info: chrome=123.0.6312.86)\nBuild info: version: '4.17.0', revision: 'e52b1be057*'\nSystem info: os.name: 'Windows 10', os.arch: 'amd64', os.version: '10.0', java.version: '18.0.2.1'\nDriver info: org.openqa.selenium.chrome.ChromeDriver\nCommand: [e09491d10d43f192a487e99b3ba47acc, clickElement {id=f.A08325185153EF1AE08CC2A883869DF3.d.7769176FC8E3AC2F1B4D3A0026C43E5D.e.432}]\nCapabilities {acceptInsecureCerts: false, browserName: chrome, browserVersion: 123.0.6312.86, chrome: {chromedriverVersion: 123.0.6312.86 (9b72c47a0536..., userDataDir: C:\\Users\\pc\\AppData\\Local\\T...}, fedcm:accounts: true, goog:chromeOptions: {debuggerAddress: localhost:56859}, networkConnectionEnabled: false, pageLoadStrategy: normal, platformName: windows, proxy: Proxy(), se:cdp: ws://localhost:56859/devtoo..., se:cdpVersion: 123.0.6312.86, setWindowRect: true, strictFileInteractability: false, timeouts: {implicit: 0, pageLoad: 300000, script: 30000}, unhandledPromptBehavior: dismiss and notify, webauthn:extension:credBlob: true, webauthn:extension:largeBlob: true, webauthn:extension:minPinLength: true, webauthn:extension:prf: true, webauthn:virtualAuthenticators: true}\nElement: [[ChromeDriver: chrome on windows (e09491d10d43f192a487e99b3ba47acc)] -> id: btValiderCompteGestion]\nSession ID: e09491d10d43f192a487e99b3ba47acc","trace":"org.openqa.selenium.ElementClickInterceptedException: element click intercepted: Element <table cellspacing=\"0\" class=\"x-btn  x-btn-text-icon\" role=\"presentation\" id=\"btValiderCompteGestion\" style=\"width: 75px; margin-right: 5px;\">...</table> is not clickable at point (940, 590). Other element would receive the click: <div class=\"ext-el-mask\" style=\"display: block;\"></div>\n  (Session info: chrome=123.0.6312.86)\nBuild info: version: '4.17.0', revision: 'e52b1be057*'\nSystem info: os.name: 'Windows 10', os.arch: 'amd64', os.version: '10.0', java.version: '18.0.2.1'\nDriver info: org.openqa.selenium.chrome.ChromeDriver\nCommand: [e09491d10d43f192a487e99b3ba47acc, clickElement {id=f.A08325185153EF1AE08CC2A883869DF3.d.7769176FC8E3AC2F1B4D3A0026C43E5D.e.432}]\nCapabilities {acceptInsecureCerts: false, browserName: chrome, browserVersion: 123.0.6312.86, chrome: {chromedriverVersion: 123.0.6312.86 (9b72c47a0536..., userDataDir: C:\\Users\\pc\\AppData\\Local\\T...}, fedcm:accounts: true, goog:chromeOptions: {debuggerAddress: localhost:56859}, networkConnectionEnabled: false, pageLoadStrategy: normal, platformName: windows, proxy: Proxy(), se:cdp: ws://localhost:56859/devtoo..., se:cdpVersion: 123.0.6312.86, setWindowRect: true, strictFileInteractability: false, timeouts: {implicit: 0, pageLoad: 300000, script: 30000}, unhandledPromptBehavior: dismiss and notify, webauthn:extension:credBlob: true, webauthn:extension:largeBlob: true, webauthn:extension:minPinLength: true, webauthn:extension:prf: true, webauthn:virtualAuthenticators: true}\nElement: [[ChromeDriver: chrome on windows (e09491d10d43f192a487e99b3ba47acc)] -> id: btValiderCompteGestion]\nSession ID: e09491d10d43f192a487e99b3ba47acc\r\n\tat java.base/jdk.internal.reflect.DirectConstructorHandleAccessor.newInstance(DirectConstructorHandleAccessor.java:67)\r\n\tat java.base/java.lang.reflect.Constructor.newInstanceWithCaller(Constructor.java:499)\r\n\tat java.base/java.lang.reflect.Constructor.newInstance(Constructor.java:483)\r\n\tat org.openqa.selenium.remote.codec.w3c.W3CHttpResponseCodec.createException(W3CHttpResponseCodec.java:185)\r\n\tat org.openqa.selenium.remote.codec.w3c.W3CHttpResponseCodec.decode(W3CHttpResponseCodec.java:134)\r\n\tat org.openqa.selenium.remote.codec.w3c.W3CHttpResponseCodec.decode(W3CHttpResponseCodec.java:51)\r\n\tat org.openqa.selenium.remote.HttpCommandExecutor.execute(HttpCommandExecutor.java:190)\r\n\tat org.openqa.selenium.remote.service.DriverCommandExecutor.invokeExecute(DriverCommandExecutor.java:216)\r\n\tat org.openqa.selenium.remote.service.DriverCommandExecutor.execute(DriverCommandExecutor.java:174)\r\n\tat org.openqa.selenium.remote.RemoteWebDriver.execute(RemoteWebDriver.java:519)\r\n\tat org.openqa.selenium.remote.RemoteWebElement.execute(RemoteWebElement.java:223)\r\n\tat org.openqa.selenium.remote.RemoteWebElement.click(RemoteWebElement.java:76)\r\n\tat java.base/jdk.internal.reflect.DirectMethodHandleAccessor.invoke(DirectMethodHandleAccessor.java:104)\r\n\tat java.base/java.lang.reflect.Method.invoke(Method.java:577)\r\n\tat org.openqa.selenium.support.pagefactory.internal.LocatingElementHandler.invoke(LocatingElementHandler.java:51)\r\n\tat jdk.proxy2/jdk.proxy2.$Proxy22.click(Unknown Source)\r\n\tat pages.CreateCompteGestionPage.clickOnBtnValidation(CreateCompteGestionPage.java:63)\r\n\tat stepDefinitions.CreationCompteGestionSteps.validate_the_informations(CreationCompteGestionSteps.java:82)\r\n\tat ✽.validate the account informations(file:///D:/inet/New/Projet-Selenium-Cucumber-CloudBank-master/src/test/resources/Features/ManagementAccountForm.feature:18)\r\n"},"stage":"finished","steps":[{"name":"Given cloudbank is open","status":"passed","statusDetails":{"known":false,"muted":false,"flaky":false},"stage":"finished","steps":[],"attachments":[],"parameters":[],"start":1711979598691,"stop":1711979598695},{"name":"And user goes to the create management account form","status":"passed","statusDetails":{"known":false,"muted":false,"flaky":false},"stage":"finished","steps":[],"attachments":[],"parameters":[],"start":1711979598695,"stop":1711979624641},{"name":"When user fill the management account form","status":"passed","statusDetails":{"known":false,"muted":false,"flaky":false},"stage":"finished","steps":[],"attachments":[],"parameters":[],"start":1711979624641,"stop":1711979627248},{"name":"And validate the account informations","status":"broken","statusDetails":{"known":false,"muted":false,"flaky":false,"message":"element click intercepted: Element <table cellspacing=\"0\" class=\"x-btn  x-btn-text-icon\" role=\"presentation\" id=\"btValiderCompteGestion\" style=\"width: 75px; margin-right: 5px;\">...</table> is not clickable at point (940, 590). Other element would receive the click: <div class=\"ext-el-mask\" style=\"display: block;\"></div>\n  (Session info: chrome=123.0.6312.86)\nBuild info: version: '4.17.0', revision: 'e52b1be057*'\nSystem info: os.name: 'Windows 10', os.arch: 'amd64', os.version: '10.0', java.version: '18.0.2.1'\nDriver info: org.openqa.selenium.chrome.ChromeDriver\nCommand: [e09491d10d43f192a487e99b3ba47acc, clickElement {id=f.A08325185153EF1AE08CC2A883869DF3.d.7769176FC8E3AC2F1B4D3A0026C43E5D.e.432}]\nCapabilities {acceptInsecureCerts: false, browserName: chrome, browserVersion: 123.0.6312.86, chrome: {chromedriverVersion: 123.0.6312.86 (9b72c47a0536..., userDataDir: C:\\Users\\pc\\AppData\\Local\\T...}, fedcm:accounts: true, goog:chromeOptions: {debuggerAddress: localhost:56859}, networkConnectionEnabled: false, pageLoadStrategy: normal, platformName: windows, proxy: Proxy(), se:cdp: ws://localhost:56859/devtoo..., se:cdpVersion: 123.0.6312.86, setWindowRect: true, strictFileInteractability: false, timeouts: {implicit: 0, pageLoad: 300000, script: 30000}, unhandledPromptBehavior: dismiss and notify, webauthn:extension:credBlob: true, webauthn:extension:largeBlob: true, webauthn:extension:minPinLength: true, webauthn:extension:prf: true, webauthn:virtualAuthenticators: true}\nElement: [[ChromeDriver: chrome on windows (e09491d10d43f192a487e99b3ba47acc)] -> id: btValiderCompteGestion]\nSession ID: e09491d10d43f192a487e99b3ba47acc","trace":"org.openqa.selenium.ElementClickInterceptedException: element click intercepted: Element <table cellspacing=\"0\" class=\"x-btn  x-btn-text-icon\" role=\"presentation\" id=\"btValiderCompteGestion\" style=\"width: 75px; margin-right: 5px;\">...</table> is not clickable at point (940, 590). Other element would receive the click: <div class=\"ext-el-mask\" style=\"display: block;\"></div>\n  (Session info: chrome=123.0.6312.86)\nBuild info: version: '4.17.0', revision: 'e52b1be057*'\nSystem info: os.name: 'Windows 10', os.arch: 'amd64', os.version: '10.0', java.version: '18.0.2.1'\nDriver info: org.openqa.selenium.chrome.ChromeDriver\nCommand: [e09491d10d43f192a487e99b3ba47acc, clickElement {id=f.A08325185153EF1AE08CC2A883869DF3.d.7769176FC8E3AC2F1B4D3A0026C43E5D.e.432}]\nCapabilities {acceptInsecureCerts: false, browserName: chrome, browserVersion: 123.0.6312.86, chrome: {chromedriverVersion: 123.0.6312.86 (9b72c47a0536..., userDataDir: C:\\Users\\pc\\AppData\\Local\\T...}, fedcm:accounts: true, goog:chromeOptions: {debuggerAddress: localhost:56859}, networkConnectionEnabled: false, pageLoadStrategy: normal, platformName: windows, proxy: Proxy(), se:cdp: ws://localhost:56859/devtoo..., se:cdpVersion: 123.0.6312.86, setWindowRect: true, strictFileInteractability: false, timeouts: {implicit: 0, pageLoad: 300000, script: 30000}, unhandledPromptBehavior: dismiss and notify, webauthn:extension:credBlob: true, webauthn:extension:largeBlob: true, webauthn:extension:minPinLength: true, webauthn:extension:prf: true, webauthn:virtualAuthenticators: true}\nElement: [[ChromeDriver: chrome on windows (e09491d10d43f192a487e99b3ba47acc)] -> id: btValiderCompteGestion]\nSession ID: e09491d10d43f192a487e99b3ba47acc\r\n\tat java.base/jdk.internal.reflect.DirectConstructorHandleAccessor.newInstance(DirectConstructorHandleAccessor.java:67)\r\n\tat java.base/java.lang.reflect.Constructor.newInstanceWithCaller(Constructor.java:499)\r\n\tat java.base/java.lang.reflect.Constructor.newInstance(Constructor.java:483)\r\n\tat org.openqa.selenium.remote.codec.w3c.W3CHttpResponseCodec.createException(W3CHttpResponseCodec.java:185)\r\n\tat org.openqa.selenium.remote.codec.w3c.W3CHttpResponseCodec.decode(W3CHttpResponseCodec.java:134)\r\n\tat org.openqa.selenium.remote.codec.w3c.W3CHttpResponseCodec.decode(W3CHttpResponseCodec.java:51)\r\n\tat org.openqa.selenium.remote.HttpCommandExecutor.execute(HttpCommandExecutor.java:190)\r\n\tat org.openqa.selenium.remote.service.DriverCommandExecutor.invokeExecute(DriverCommandExecutor.java:216)\r\n\tat org.openqa.selenium.remote.service.DriverCommandExecutor.execute(DriverCommandExecutor.java:174)\r\n\tat org.openqa.selenium.remote.RemoteWebDriver.execute(RemoteWebDriver.java:519)\r\n\tat org.openqa.selenium.remote.RemoteWebElement.execute(RemoteWebElement.java:223)\r\n\tat org.openqa.selenium.remote.RemoteWebElement.click(RemoteWebElement.java:76)\r\n\tat java.base/jdk.internal.reflect.DirectMethodHandleAccessor.invoke(DirectMethodHandleAccessor.java:104)\r\n\tat java.base/java.lang.reflect.Method.invoke(Method.java:577)\r\n\tat org.openqa.selenium.support.pagefactory.internal.LocatingElementHandler.invoke(LocatingElementHandler.java:51)\r\n\tat jdk.proxy2/jdk.proxy2.$Proxy22.click(Unknown Source)\r\n\tat pages.CreateCompteGestionPage.clickOnBtnValidation(CreateCompteGestionPage.java:63)\r\n\tat stepDefinitions.CreationCompteGestionSteps.validate_the_informations(CreationCompteGestionSteps.java:82)\r\n\tat ✽.validate the account informations(file:///D:/inet/New/Projet-Selenium-Cucumber-CloudBank-master/src/test/resources/Features/ManagementAccountForm.feature:18)\r\n"},"stage":"finished","steps":[],"attachments":[],"parameters":[],"start":1711979627248,"stop":1711979628419},{"name":"Then user exits the form","status":"skipped","statusDetails":{"known":false,"muted":false,"flaky":false},"stage":"finished","steps":[],"attachments":[],"parameters":[],"start":1711979628422,"stop":1711979628423}],"attachments":[],"parameters":[],"start":1711979598691,"stop":1711979628678}