<?xml version="1.0" encoding="UTF-8"?>
<testng-results ignored="0" total="2" passed="1" failed="1" skipped="0">
  <reporter-output>
  </reporter-output>
  <suite started-at="2024-03-18T19:23:40 WAT" name="Surefire suite" finished-at="2024-03-18T19:23:42 WAT" duration-ms="2214">
    <groups>
      <group name="cucumber">
        <method signature="AbstractTestNGCucumberTests.runScenario(io.cucumber.testng.PickleWrapper,io.cucumber.testng.FeatureWrapper)[pri:0, instance:StepDefinitions.TestRunner@3246fb96]" name="runScenario" class="io.cucumber.testng.AbstractTestNGCucumberTests"/>
      </group> <!-- cucumber -->
    </groups>
    <test started-at="2024-03-18T19:23:40 WAT" name="Surefire test" finished-at="2024-03-18T19:23:42 WAT" duration-ms="2214">
      <class name="StepDefinitions.TestRunner">
        <test-method is-config="true" signature="setUp()[pri:0, instance:StepDefinitions.TestRunner@3246fb96]" started-at="2024-03-18T19:21:31 WAT" name="setUp" finished-at="2024-03-18T19:23:40 WAT" duration-ms="129055" status="PASS">
          <reporter-output>
          </reporter-output>
        </test-method> <!-- setUp -->
        <test-method is-config="true" signature="setUpClass(org.testng.ITestContext)[pri:0, instance:StepDefinitions.TestRunner@3246fb96]" started-at="2024-03-18T19:23:40 WAT" name="setUpClass" finished-at="2024-03-18T19:23:41 WAT" duration-ms="946" status="PASS">
          <params>
            <param index="0">
              <value>
                <![CDATA[org.testng.TestRunner@5ff90645]]>
              </value>
            </param>
          </params>
          <reporter-output>
          </reporter-output>
        </test-method> <!-- setUpClass -->
        <test-method signature="runScenario(io.cucumber.testng.PickleWrapper,io.cucumber.testng.FeatureWrapper)[pri:0, instance:StepDefinitions.TestRunner@3246fb96]" started-at="2024-03-18T19:23:41 WAT" name="runScenario" description="Runs Cucumber Scenarios" data-provider="scenarios" finished-at="2024-03-18T19:23:41 WAT" duration-ms="267" status="PASS">
          <params>
            <param index="0">
              <value>
                <![CDATA["Validate creation provider is working"]]>
              </value>
            </param>
            <param index="1">
              <value>
                <![CDATA["feature to test the provider form functionalities"]]>
              </value>
            </param>
          </params>
          <reporter-output>
          </reporter-output>
        </test-method> <!-- runScenario -->
        <test-method signature="runScenario(io.cucumber.testng.PickleWrapper,io.cucumber.testng.FeatureWrapper)[pri:0, instance:StepDefinitions.TestRunner@3246fb96]" started-at="2024-03-18T19:23:41 WAT" name="runScenario" description="Runs Cucumber Scenarios" data-provider="scenarios" finished-at="2024-03-18T19:23:42 WAT" duration-ms="138" status="FAIL">
          <params>
            <param index="0">
              <value>
                <![CDATA["Check login is successful with valid credentials"]]>
              </value>
            </param>
            <param index="1">
              <value>
                <![CDATA["feature to test login function"]]>
              </value>
            </param>
          </params>
          <exception class="java.lang.NullPointerException">
            <message>
              <![CDATA[Cannot invoke "org.openqa.selenium.SearchContext.findElement(org.openqa.selenium.By)" because "this.searchContext" is null]]>
            </message>
            <full-stacktrace>
              <![CDATA[java.lang.NullPointerException: Cannot invoke "org.openqa.selenium.SearchContext.findElement(org.openqa.selenium.By)" because "this.searchContext" is null
at org.openqa.selenium.support.pagefactory.DefaultElementLocator.findElement(DefaultElementLocator.java:68)
at org.openqa.selenium.support.pagefactory.internal.LocatingElementHandler.invoke(LocatingElementHandler.java:38)
at jdk.proxy2/jdk.proxy2.$Proxy20.sendKeys(Unknown Source)
at pages.LoginPage.enterId(LoginPage.java:29)
at StepDefinitions.LoginSteps.user_enters_username_and_password(LoginSteps.java:26)
at ✽.user enters sa and Sa@123(file:///D:/inet/WorkspaceTests/src/test/resources/Features/login.feature:7)
]]>
            </full-stacktrace>
          </exception> <!-- java.lang.NullPointerException -->
          <reporter-output>
          </reporter-output>
        </test-method> <!-- runScenario -->
        <test-method is-config="true" signature="tearDownClass()[pri:0, instance:StepDefinitions.TestRunner@3246fb96]" started-at="2024-03-18T19:23:42 WAT" name="tearDownClass" finished-at="2024-03-18T19:23:42 WAT" duration-ms="733" status="PASS">
          <reporter-output>
          </reporter-output>
        </test-method> <!-- tearDownClass -->
      </class> <!-- StepDefinitions.TestRunner -->
    </test> <!-- Surefire test -->
  </suite> <!-- Surefire suite -->
</testng-results>
